[0.000000] (-) TimerEvent: {}
[0.001200] (ht_nav_variables) JobQueued: {'identifier': 'ht_nav_variables', 'dependencies': OrderedDict()}
[0.001372] (ht_strap_package) JobQueued: {'identifier': 'ht_strap_package', 'dependencies': OrderedDict([('ht_nav_variables', '/home/temur/INS-GPS-ROS2/install/ht_nav_variables')])}
[0.001434] (ht_nav_variables) JobStarted: {'identifier': 'ht_nav_variables'}
[0.015622] (ht_nav_variables) JobProgress: {'identifier': 'ht_nav_variables', 'progress': 'cmake'}
[0.016492] (ht_nav_variables) JobProgress: {'identifier': 'ht_nav_variables', 'progress': 'build'}
[0.017587] (ht_nav_variables) Command: {'cmd': ['/usr/bin/cmake', '--build', '/home/temur/INS-GPS-ROS2/build/ht_nav_variables', '--', '-j12', '-l12'], 'cwd': '/home/temur/INS-GPS-ROS2/build/ht_nav_variables', 'env': OrderedDict([('LESSOPEN', '| /usr/bin/lesspipe %s'), ('USER', 'temur'), ('LC_TIME', 'tr_TR.UTF-8'), ('SSH_AGENT_PID', '1257'), ('XDG_SESSION_TYPE', 'x11'), ('SHLVL', '1'), ('LD_LIBRARY_PATH', '/home/temur/INS-GPS-ROS2/install/ht_nav_variables/lib:/usr/lib/x86_64-linux-gnu/gazebo-11/plugins:/opt/ros/foxy/opt/yaml_cpp_vendor/lib:/opt/ros/foxy/opt/rviz_ogre_vendor/lib:/opt/ros/foxy/lib/x86_64-linux-gnu:/opt/ros/foxy/lib'), ('HOME', '/home/temur'), ('OLDPWD', '/home/temur'), ('DESKTOP_SESSION', 'ubuntu'), ('ROS_PYTHON_VERSION', '3'), ('GNOME_SHELL_SESSION_MODE', 'ubuntu'), ('GTK_MODULES', 'gail:atk-bridge'), ('LC_MONETARY', 'tr_TR.UTF-8'), ('MANAGERPID', '942'), ('DBUS_SESSION_BUS_ADDRESS', 'unix:path=/run/user/1000/bus'), ('COLORTERM', 'truecolor'), ('_colcon_cd_root', '/home/temur/ros2_install'), ('IM_CONFIG_PHASE', '1'), ('COLCON_PREFIX_PATH', '/home/temur/INS-GPS-ROS2/install:/home/temur/ws/install'), ('ROS_DISTRO', 'foxy'), ('LOGNAME', 'temur'), ('JOURNAL_STREAM', '8:47550'), ('_', '/usr/bin/colcon'), ('ROS_VERSION', '2'), ('XDG_SESSION_CLASS', 'user'), ('USERNAME', 'temur'), ('TERM', 'xterm-256color'), ('GAZEBO_MODEL_PATH', '/home/temur/ws/install/dolly_gazebo/share/dolly_gazebo/models'), ('GNOME_DESKTOP_SESSION_ID', 'this-is-deprecated'), ('ROS_LOCALHOST_ONLY', '0'), ('WINDOWPATH', '2'), ('PATH', '/opt/ros/foxy/bin:/usr/local/sbin:/usr/local/bin:/usr/sbin:/usr/bin:/sbin:/bin:/usr/games:/usr/local/games:/snap/bin'), ('SESSION_MANAGER', 'local/temurtas:@/tmp/.ICE-unix/1376,unix/temurtas:/tmp/.ICE-unix/1376'), ('INVOCATION_ID', '1de1c01507404810a526e727f319479b'), ('XDG_MENU_PREFIX', 'gnome-'), ('LC_ADDRESS', 'tr_TR.UTF-8'), ('GNOME_TERMINAL_SCREEN', '/org/gnome/Terminal/screen/ee3eaaca_fc79_490c_80d4_204ec268456b'), ('XDG_RUNTIME_DIR', '/run/user/1000'), ('DISPLAY', ':0'), ('IGN_FILE_PATH', '/home/temur/ws/install/dolly_ignition/share/dolly_ignition/worlds:/home/temur/ws/install/dolly_ignition/share/dolly_ignition/models'), ('LANG', 'en_US.UTF-8'), ('XDG_CURRENT_DESKTOP', 'ubuntu:GNOME'), ('LC_TELEPHONE', 'tr_TR.UTF-8'), ('RMW_IMPLEMENTATION', 'rmw_cyclonedds_cpp'), ('XMODIFIERS', '@im=ibus'), ('XDG_SESSION_DESKTOP', 'ubuntu'), ('XAUTHORITY', '/run/user/1000/gdm/Xauthority'), ('LS_COLORS', 'rs=0:di=01;34:ln=01;36:mh=00:pi=40;33:so=01;35:do=01;35:bd=40;33;01:cd=40;33;01:or=40;31;01:mi=00:su=37;41:sg=30;43:ca=30;41:tw=30;42:ow=34;42:st=37;44:ex=01;32:*.tar=01;31:*.tgz=01;31:*.arc=01;31:*.arj=01;31:*.taz=01;31:*.lha=01;31:*.lz4=01;31:*.lzh=01;31:*.lzma=01;31:*.tlz=01;31:*.txz=01;31:*.tzo=01;31:*.t7z=01;31:*.zip=01;31:*.z=01;31:*.dz=01;31:*.gz=01;31:*.lrz=01;31:*.lz=01;31:*.lzo=01;31:*.xz=01;31:*.zst=01;31:*.tzst=01;31:*.bz2=01;31:*.bz=01;31:*.tbz=01;31:*.tbz2=01;31:*.tz=01;31:*.deb=01;31:*.rpm=01;31:*.jar=01;31:*.war=01;31:*.ear=01;31:*.sar=01;31:*.rar=01;31:*.alz=01;31:*.ace=01;31:*.zoo=01;31:*.cpio=01;31:*.7z=01;31:*.rz=01;31:*.cab=01;31:*.wim=01;31:*.swm=01;31:*.dwm=01;31:*.esd=01;31:*.jpg=01;35:*.jpeg=01;35:*.mjpg=01;35:*.mjpeg=01;35:*.gif=01;35:*.bmp=01;35:*.pbm=01;35:*.pgm=01;35:*.ppm=01;35:*.tga=01;35:*.xbm=01;35:*.xpm=01;35:*.tif=01;35:*.tiff=01;35:*.png=01;35:*.svg=01;35:*.svgz=01;35:*.mng=01;35:*.pcx=01;35:*.mov=01;35:*.mpg=01;35:*.mpeg=01;35:*.m2v=01;35:*.mkv=01;35:*.webm=01;35:*.ogm=01;35:*.mp4=01;35:*.m4v=01;35:*.mp4v=01;35:*.vob=01;35:*.qt=01;35:*.nuv=01;35:*.wmv=01;35:*.asf=01;35:*.rm=01;35:*.rmvb=01;35:*.flc=01;35:*.avi=01;35:*.fli=01;35:*.flv=01;35:*.gl=01;35:*.dl=01;35:*.xcf=01;35:*.xwd=01;35:*.yuv=01;35:*.cgm=01;35:*.emf=01;35:*.ogv=01;35:*.ogx=01;35:*.aac=00;36:*.au=00;36:*.flac=00;36:*.m4a=00;36:*.mid=00;36:*.midi=00;36:*.mka=00;36:*.mp3=00;36:*.mpc=00;36:*.ogg=00;36:*.ra=00;36:*.wav=00;36:*.oga=00;36:*.opus=00;36:*.spx=00;36:*.xspf=00;36:'), ('GNOME_TERMINAL_SERVICE', ':1.15225'), ('SSH_AUTH_SOCK', '/run/user/1000/keyring/ssh'), ('AMENT_PREFIX_PATH', '/home/temur/INS-GPS-ROS2/install/ht_strap_package:/home/temur/INS-GPS-ROS2/install/ht_nav_variables:/home/temur/ws/install/gazebo_dev:/home/temur/ws/install/dolly:/home/temur/ws/install/dolly_ignition:/home/temur/ws/install/dolly_gazebo:/home/temur/ws/install/dolly_follow:/opt/ros/foxy'), ('SHELL', '/bin/bash'), ('LC_NAME', 'tr_TR.UTF-8'), ('QT_ACCESSIBILITY', '1'), ('GDMSESSION', 'ubuntu'), ('LESSCLOSE', '/usr/bin/lesspipe %s %s'), ('IGN_GAZEBO_RESOURCE_PATH', '/home/temur/ws/install/dolly_ignition/share/dolly_ignition/worlds:/home/temur/ws/install/dolly_ignition/share/dolly_ignition/models'), ('LC_MEASUREMENT', 'tr_TR.UTF-8'), ('GPG_AGENT_INFO', '/run/user/1000/gnupg/S.gpg-agent:0:1'), ('GAZEBO_RESOURCE_PATH', '/home/temur/ws/install/dolly_gazebo/share/dolly_gazebo/worlds:/usr/share/gazebo-11'), ('LC_IDENTIFICATION', 'tr_TR.UTF-8'), ('QT_IM_MODULE', 'ibus'), ('PWD', '/home/temur/INS-GPS-ROS2/build/ht_nav_variables'), ('LC_ALL', 'en_US.UTF-8'), ('XDG_CONFIG_DIRS', '/etc/xdg/xdg-ubuntu:/etc/xdg'), ('SDF_PATH', '/home/temur/ws/install/dolly_ignition/share/dolly_ignition/worlds:/home/temur/ws/install/dolly_ignition/share/dolly_ignition/models'), ('GAZEBO_PLUGIN_PATH', ':/home/temur/gazebo_plugin_tutorial/build:/home/temur/ws/src/gazebo_ros_pkgs/build/gazebo_plugins:/home/temur/gazebo_wheel_slip_plugin/build'), ('XDG_DATA_DIRS', '/usr/share/ubuntu:/usr/local/share/:/usr/share/:/var/lib/snapd/desktop'), ('MESA_GL_VERSION_OVERRIDE', '3.3'), ('PYTHONPATH', '/home/temur/INS-GPS-ROS2/install/ht_strap_package/lib/python3.8/site-packages:/home/temur/INS-GPS-ROS2/install/ht_nav_variables/lib/python3.8/site-packages:/opt/ros/foxy/lib/python3.8/site-packages'), ('LC_NUMERIC', 'tr_TR.UTF-8'), ('LC_PAPER', 'tr_TR.UTF-8'), ('COLCON', '1'), ('VTE_VERSION', '6003'), ('CMAKE_PREFIX_PATH', '/home/temur/INS-GPS-ROS2/install/ht_nav_variables:/home/temur/ws/install/gazebo_dev:/home/temur/ws/install/dolly:/home/temur/ws/install/dolly_ignition:/home/temur/ws/install/dolly_gazebo:/home/temur/ws/install/dolly_follow:/home/temur/INS-GPS-ROS2/install/ht_strap_package:/opt/ros/foxy')]), 'shell': False}
[0.098896] (-) TimerEvent: {}
[0.118203] (ht_nav_variables) StdoutLine: {'line': b'[  0%] Built target ht_nav_variables__cpp\n'}
[0.119148] (ht_nav_variables) StdoutLine: {'line': b'[ 12%] Built target ht_nav_variables__rosidl_generator_c\n'}
[0.152390] (ht_nav_variables) StdoutLine: {'line': b'[ 24%] Built target ht_nav_variables__rosidl_typesupport_c\n'}
[0.152819] (ht_nav_variables) StdoutLine: {'line': b'[ 36%] Built target ht_nav_variables__rosidl_typesupport_cpp\n'}
[0.154015] (ht_nav_variables) StdoutLine: {'line': b'[ 48%] Built target ht_nav_variables__rosidl_typesupport_introspection_cpp\n'}
[0.157367] (ht_nav_variables) StdoutLine: {'line': b'[ 60%] Built target ht_nav_variables__rosidl_typesupport_introspection_c\n'}
[0.158244] (ht_nav_variables) StdoutLine: {'line': b'[ 72%] Built target ht_nav_variables__rosidl_typesupport_fastrtps_cpp\n'}
[0.199101] (-) TimerEvent: {}
[0.205962] (ht_nav_variables) StdoutLine: {'line': b'[ 84%] Built target ht_nav_variables__rosidl_typesupport_fastrtps_c\n'}
[0.234950] (ht_nav_variables) StdoutLine: {'line': b'[ 84%] Built target ht_nav_variables\n'}
[0.267097] (ht_nav_variables) StdoutLine: {'line': b'[ 85%] Built target ht_nav_variables__py\n'}
[0.299238] (-) TimerEvent: {}
[0.323924] (ht_nav_variables) StdoutLine: {'line': b'[ 96%] Built target ht_nav_variables__python\n'}
[0.364971] (ht_nav_variables) StdoutLine: {'line': b'[ 98%] Built target ht_nav_variables__rosidl_typesupport_introspection_c__pyext\n'}
[0.365849] (ht_nav_variables) StdoutLine: {'line': b'[100%] Built target ht_nav_variables__rosidl_typesupport_c__pyext\n'}
[0.366129] (ht_nav_variables) StdoutLine: {'line': b'[100%] Built target ht_nav_variables__rosidl_typesupport_fastrtps_c__pyext\n'}
[0.381350] (ht_nav_variables) CommandEnded: {'returncode': 0}
[0.399433] (-) TimerEvent: {}
[0.499954] (-) TimerEvent: {}
[0.600489] (-) TimerEvent: {}
[0.616026] (ht_nav_variables) StderrLine: {'line': b'Traceback (most recent call last):\n  File "/usr/lib/python3/dist-packages/colcon_parallel_executor/executor/parallel.py", line 67, in execute\n    loop.run_until_complete(future)\n  File "/usr/lib/python3.8/asyncio/base_events.py", line 603, in run_until_complete\n    self.run_forever()\n  File "/usr/lib/python3.8/asyncio/base_events.py", line 570, in run_forever\n    self._run_once()\n  File "/usr/lib/python3.8/asyncio/base_events.py", line 1823, in _run_once\n    event_list = self._selector.select(timeout)\n  File "/usr/lib/python3.8/selectors.py", line 468, in select\n    fd_event_list = self._selector.poll(timeout, max_ev)\nKeyboardInterrupt\n\nDuring handling of the above exception, another exception occurred:\n\nTraceback (most recent call last):\n  File "/usr/lib/python3/dist-packages/colcon_core/executor/__init__.py", line 91, in __call__\n    rc = await self.task(*args, **kwargs)\n  File "/usr/lib/python3/dist-packages/colcon_core/task/__init__.py", line 93, in __call__\n    return await task_method(*args, **kwargs)\n  File "/usr/lib/python3/dist-packages/colcon_ros/task/ament_cmake/build.py", line 59, in build\n    rc = await extension.build(\n  File "/usr/lib/python3/dist-packages/colcon_cmake/task/cmake/build.py", line 110, in build\n    if await has_target(args.build_base, \'install\'):\n  File "/usr/lib/python3/dist-packages/colcon_cmake/task/cmake/__init__.py", line 57, in has_target\n    return target in await get_makefile_targets(path)\n  File "/usr/lib/python3/dist-packages/colcon_cmake/task/cmake/__init__.py", line 77, in get_makefile_targets\n    output = await check_output([\n  File "/usr/lib/python3/dist-packages/colcon_core/subprocess.py", line 107, in check_output\n    assert not rc, \\\nAssertionError: Expected [\'/usr/bin/cmake\', \'--build\', \'/home/temur/INS-GPS-ROS2/build/ht_nav_variables\', \'--target\', \'help\'] to pass: make: *** [Makefile:3983: help] Interrupt\n\n'}
[0.616547] (ht_nav_variables) JobEnded: {'identifier': 'ht_nav_variables', 'rc': 'SIGINT'}
[0.627200] (ht_strap_package) JobSkipped: {'identifier': 'ht_strap_package'}
[0.627359] (-) EventReactorShutdown: {}
