[0.023s] Invoking command in '/home/temurtas/INS-GPS-ROS2/build/ht_nav_variables': CMAKE_PREFIX_PATH=${CMAKE_PREFIX_PATH}:/opt/ros/foxy /usr/bin/cmake --build /home/temurtas/INS-GPS-ROS2/build/ht_nav_variables -- -j12 -l12
[0.058s] -- Found ament_cmake: 0.9.8 (/opt/ros/foxy/share/ament_cmake/cmake)
[0.084s] -- Found PythonInterp: /usr/bin/python3 (found suitable version "3.8.10", minimum required is "3") 
[0.085s] -- Using PYTHON_EXECUTABLE: /usr/bin/python3
[0.255s] -- Found rosidl_default_generators: 1.0.1 (/opt/ros/foxy/share/rosidl_default_generators/cmake)
[0.257s] -- Using all available rosidl_typesupport_c: rosidl_typesupport_fastrtps_c;rosidl_typesupport_introspection_c
[0.259s] -- Found rosidl_adapter: 1.2.1 (/opt/ros/foxy/share/rosidl_adapter/cmake)
[0.430s] -- Using all available rosidl_typesupport_cpp: rosidl_typesupport_fastrtps_cpp;rosidl_typesupport_introspection_cpp
[0.474s] -- Found PythonInterp: /usr/bin/python3 (found version "3.8.10") 
[0.659s] CMake Error at /opt/ros/foxy/share/rosidl_adapter/cmake/rosidl_adapt_interfaces.cmake:60 (message):
[0.659s]   execute_process(/usr/bin/python3 -m rosidl_adapter --package-name
[0.660s]   ht_nav_variables --arguments-file
[0.660s]   /home/temurtas/INS-GPS-ROS2/build/ht_nav_variables/rosidl_adapter__arguments__ht_nav_variables.json
[0.660s]   --output-dir
[0.660s]   /home/temurtas/INS-GPS-ROS2/build/ht_nav_variables/rosidl_adapter/ht_nav_variables
[0.661s]   --output-file
[0.661s]   /home/temurtas/INS-GPS-ROS2/build/ht_nav_variables/rosidl_adapter/ht_nav_variables.idls)
[0.662s]   returned error code 1:
[0.662s] 
[0.662s]   Error processing 'HtNavVector3.msg vel_diff' of
[0.662s]   'ht_nav_variables/HtNavImuData': ''HtNavVector3.msg' is an invalid message
[0.662s]   name.  It should have the pattern '^[A-Z][A-Za-z0-9]*$''
[0.663s] 
[0.663s]   Traceback (most recent call last):
[0.663s] 
[0.663s]     File "/usr/lib/python3.8/runpy.py", line 194, in _run_module_as_main
[0.663s]       return _run_code(code, main_globals, None,
[0.664s]     File "/usr/lib/python3.8/runpy.py", line 87, in _run_code
[0.664s]       exec(code, run_globals)
[0.664s]     File "/opt/ros/foxy/lib/python3.8/site-packages/rosidl_adapter/__main__.py", line 19, in <module>
[0.664s]       sys.exit(main())
[0.664s]     File "/opt/ros/foxy/lib/python3.8/site-packages/rosidl_adapter/main.py", line 53, in main
[0.664s]       abs_idl_file = convert_to_idl(
[0.665s]     File "/opt/ros/foxy/lib/python3.8/site-packages/rosidl_adapter/__init__.py", line 19, in convert_to_idl
[0.665s]       return convert_msg_to_idl(
[0.665s]     File "/opt/ros/foxy/lib/python3.8/site-packages/rosidl_adapter/msg/__init__.py", line 28, in convert_msg_to_idl
[0.665s]       msg = parse_message_string(package_name, input_file.stem, content)
[0.665s]     File "/opt/ros/foxy/lib/python3.8/site-packages/rosidl_adapter/parser.py", line 516, in parse_message_string
[0.665s]       Type(type_string, context_package_name=pkg_name),
[0.665s]     File "/opt/ros/foxy/lib/python3.8/site-packages/rosidl_adapter/parser.py", line 276, in __init__
[0.666s]       super(Type, self).__init__(
[0.666s]     File "/opt/ros/foxy/lib/python3.8/site-packages/rosidl_adapter/parser.py", line 204, in __init__
[0.666s]       raise InvalidResourceName(
[0.666s] 
[0.666s]   rosidl_adapter.parser.InvalidResourceName: 'HtNavVector3.msg' is an invalid
[0.666s]   message name.  It should have the pattern '^[A-Z][A-Za-z0-9]*$'
[0.667s] 
[0.667s] Call Stack (most recent call first):
[0.667s]   /opt/ros/foxy/share/rosidl_cmake/cmake/rosidl_generate_interfaces.cmake:130 (rosidl_adapt_interfaces)
[0.667s]   CMakeLists.txt:25 (rosidl_generate_interfaces)
[0.667s] 
[0.667s] 
[0.668s] -- Configuring incomplete, errors occurred!
[0.668s] See also "/home/temurtas/INS-GPS-ROS2/build/ht_nav_variables/CMakeFiles/CMakeOutput.log".
[0.669s] make: *** [Makefile:2908: cmake_check_build_system] Error 1
[0.673s] Invoked command in '/home/temurtas/INS-GPS-ROS2/build/ht_nav_variables' returned '2': CMAKE_PREFIX_PATH=${CMAKE_PREFIX_PATH}:/opt/ros/foxy /usr/bin/cmake --build /home/temurtas/INS-GPS-ROS2/build/ht_nav_variables -- -j12 -l12
